<?xml version="1.0" encoding="UTF-8"?>
<testng-results skipped="0" failed="0" ignored="0" total="2" passed="2">
  <reporter-output>
  </reporter-output>
  <suite name="Leaftaps Leads UI Cases" duration-ms="30574" started-at="2022-06-10T19:12:53 AST" finished-at="2022-06-10T19:13:23 AST">
    <groups>
    </groups>
    <test name="Create Lead - Chrome" duration-ms="30574" started-at="2022-06-10T19:12:53 AST" finished-at="2022-06-10T19:13:23 AST">
      <class name="com.leaftaps.ui.tests.CreateLead_Positive">
        <test-method status="PASS" signature="setData()[pri:0, instance:com.leaftaps.ui.tests.CreateLead_Positive@151b3e0]" name="setData" is-config="true" duration-ms="9" started-at="2022-06-10T19:12:53 AST" finished-at="2022-06-10T19:12:53 AST">
          <reporter-output>
          </reporter-output>
        </test-method> <!-- setData -->
        <test-method status="PASS" signature="preCondition(java.lang.String,java.lang.String)[pri:0, instance:com.leaftaps.ui.tests.CreateLead_Positive@151b3e0]" name="preCondition" is-config="true" duration-ms="3724" started-at="2022-06-10T19:12:53 AST" finished-at="2022-06-10T19:12:57 AST">
          <params>
            <param index="0">
              <value>
                <![CDATA[http://leaftaps.com/opentaps/control/main]]>
              </value>
            </param>
            <param index="1">
              <value>
                <![CDATA[Chrome]]>
              </value>
            </param>
          </params>
          <reporter-output>
          </reporter-output>
        </test-method> <!-- preCondition -->
        <test-method status="PASS" signature="createLead(java.lang.String,java.lang.String,java.lang.String,java.lang.String,java.lang.String)[pri:0, instance:com.leaftaps.ui.tests.CreateLead_Positive@151b3e0]" name="createLead" duration-ms="9981" started-at="2022-06-10T19:12:57 AST" data-provider="getData" finished-at="2022-06-10T19:13:07 AST">
          <params>
            <param index="0">
              <value>
                <![CDATA[Demosalesmanager]]>
              </value>
            </param>
            <param index="1">
              <value>
                <![CDATA[crmsfa]]>
              </value>
            </param>
            <param index="2">
              <value>
                <![CDATA[TL]]>
              </value>
            </param>
            <param index="3">
              <value>
                <![CDATA[Saranya]]>
              </value>
            </param>
            <param index="4">
              <value>
                <![CDATA[P]]>
              </value>
            </param>
          </params>
          <reporter-output>
          </reporter-output>
        </test-method> <!-- createLead -->
        <test-method status="PASS" signature="postCondition()[pri:0, instance:com.leaftaps.ui.tests.CreateLead_Positive@151b3e0]" name="postCondition" is-config="true" duration-ms="142" started-at="2022-06-10T19:13:07 AST" finished-at="2022-06-10T19:13:07 AST">
          <reporter-output>
          </reporter-output>
        </test-method> <!-- postCondition -->
        <test-method status="PASS" signature="preCondition(java.lang.String,java.lang.String)[pri:0, instance:com.leaftaps.ui.tests.CreateLead_Positive@151b3e0]" name="preCondition" is-config="true" duration-ms="2039" started-at="2022-06-10T19:13:07 AST" finished-at="2022-06-10T19:13:09 AST">
          <params>
            <param index="0">
              <value>
                <![CDATA[http://leaftaps.com/opentaps/control/main]]>
              </value>
            </param>
            <param index="1">
              <value>
                <![CDATA[Chrome]]>
              </value>
            </param>
          </params>
          <reporter-output>
          </reporter-output>
        </test-method> <!-- preCondition -->
        <test-method status="PASS" signature="createLead(java.lang.String,java.lang.String,java.lang.String,java.lang.String,java.lang.String)[pri:0, instance:com.leaftaps.ui.tests.CreateLead_Positive@151b3e0]" name="createLead" duration-ms="9845" started-at="2022-06-10T19:13:09 AST" data-provider="getData" finished-at="2022-06-10T19:13:19 AST">
          <params>
            <param index="0">
              <value>
                <![CDATA[DemoCSR]]>
              </value>
            </param>
            <param index="1">
              <value>
                <![CDATA[crmsfa]]>
              </value>
            </param>
            <param index="2">
              <value>
                <![CDATA[TL]]>
              </value>
            </param>
            <param index="3">
              <value>
                <![CDATA[Saran]]>
              </value>
            </param>
            <param index="4">
              <value>
                <![CDATA[P]]>
              </value>
            </param>
          </params>
          <reporter-output>
          </reporter-output>
        </test-method> <!-- createLead -->
        <test-method status="PASS" signature="postCondition()[pri:0, instance:com.leaftaps.ui.tests.CreateLead_Positive@151b3e0]" name="postCondition" is-config="true" duration-ms="4160" started-at="2022-06-10T19:13:19 AST" finished-at="2022-06-10T19:13:23 AST">
          <reporter-output>
          </reporter-output>
        </test-method> <!-- postCondition -->
      </class> <!-- com.leaftaps.ui.tests.CreateLead_Positive -->
    </test> <!-- Create Lead - Chrome -->
  </suite> <!-- Leaftaps Leads UI Cases -->
</testng-results>
