<?xml version="1.0" encoding="UTF-8"?>
<!-- Generated by org.testng.reporters.JUnitXMLReporter -->
<testsuite hostname="LAPTOP-DV1LDK6K" ignored="0" name="Create Lead - Chrome" tests="2" failures="0" timestamp="2022-06-10T19:13:23 AST" time="30.574" errors="0">
  <testcase name="createLead" time="9.981" classname="com.leaftaps.ui.tests.CreateLead_Positive"/>
  <testcase name="createLead" time="9.845" classname="com.leaftaps.ui.tests.CreateLead_Positive"/>
</testsuite> <!-- Create Lead - Chrome -->
